<?xml version="1.0" encoding="UTF-8"?>
<testng-results ignored="1" total="2" passed="1" failed="0" skipped="0">
  <reporter-output>
  </reporter-output>
  <suite started-at="2024-09-23T11:20:07 IST" name="Group Suite" finished-at="2024-09-23T11:20:40 IST" duration-ms="33022">
    <groups>
      <group name="Sanity">
        <method signature="TC01_LoginTest.verify_login()[pri:0, instance:testCases.TC01_LoginTest@6581dc0a]" name="verify_login" class="testCases.TC01_LoginTest"/>
      </group> <!-- Sanity -->
    </groups>
    <test started-at="2024-09-23T11:20:07 IST" name="Test" finished-at="2024-09-23T11:20:40 IST" duration-ms="33022">
      <class name="testCases.TC01_LoginTest">
        <test-method is-config="true" signature="setup(java.lang.String, java.lang.String)[pri:0, instance:testCases.TC01_LoginTest@6581dc0a]" started-at="2024-09-23T11:20:07 IST" name="setup" finished-at="2024-09-23T11:20:17 IST" duration-ms="9628" status="PASS">
          <params>
            <param index="0">
              <value>
                <![CDATA[windows]]>
              </value>
            </param>
            <param index="1">
              <value>
                <![CDATA[chrome]]>
              </value>
            </param>
          </params>
          <reporter-output>
          </reporter-output>
        </test-method> <!-- setup -->
        <test-method signature="verify_login()[pri:0, instance:testCases.TC01_LoginTest@6581dc0a]" started-at="2024-09-23T11:20:17 IST" name="verify_login" finished-at="2024-09-23T11:20:40 IST" duration-ms="22965" status="PASS">
          <reporter-output>
          </reporter-output>
        </test-method> <!-- verify_login -->
        <test-method is-config="true" signature="teardown()[pri:0, instance:testCases.TC01_LoginTest@6581dc0a]" started-at="2024-09-23T11:20:40 IST" name="teardown" finished-at="2024-09-23T11:20:40 IST" duration-ms="384" status="PASS">
          <reporter-output>
          </reporter-output>
        </test-method> <!-- teardown -->
      </class> <!-- testCases.TC01_LoginTest -->
    </test> <!-- Test -->
  </suite> <!-- Group Suite -->
</testng-results>
