<?xml version="1.0" encoding="UTF-8"?>
<testng-results ignored="0" total="1" passed="1" failed="0" skipped="0">
  <reporter-output>
  </reporter-output>
  <suite started-at="2024-09-25T19:44:41 IST" name="Master Suite" finished-at="2024-09-25T19:45:19 IST" duration-ms="37778">
    <groups>
      <group name="Sanity">
        <method signature="TC01_LoginTest.verify_login()[pri:0, instance:testCases.TC01_LoginTest@332796d3]" name="verify_login" class="testCases.TC01_LoginTest"/>
      </group> <!-- Sanity -->
    </groups>
    <test started-at="2024-09-25T19:44:41 IST" name="Test" finished-at="2024-09-25T19:45:19 IST" duration-ms="37778">
      <class name="testCases.TC01_LoginTest">
        <test-method is-config="true" signature="setup(java.lang.String, java.lang.String)[pri:0, instance:testCases.TC01_LoginTest@332796d3]" started-at="2024-09-25T19:44:41 IST" name="setup" finished-at="2024-09-25T19:44:55 IST" duration-ms="14069" status="PASS">
          <params>
            <param index="0">
              <value>
                <![CDATA[windows]]>
              </value>
            </param>
            <param index="1">
              <value>
                <![CDATA[chrome]]>
              </value>
            </param>
          </params>
          <reporter-output>
          </reporter-output>
        </test-method> <!-- setup -->
        <test-method signature="verify_login()[pri:0, instance:testCases.TC01_LoginTest@332796d3]" started-at="2024-09-25T19:44:55 IST" name="verify_login" finished-at="2024-09-25T19:45:19 IST" duration-ms="23251" status="PASS">
          <reporter-output>
          </reporter-output>
        </test-method> <!-- verify_login -->
        <test-method is-config="true" signature="teardown()[pri:0, instance:testCases.TC01_LoginTest@332796d3]" started-at="2024-09-25T19:45:19 IST" name="teardown" finished-at="2024-09-25T19:45:19 IST" duration-ms="427" status="PASS">
          <reporter-output>
          </reporter-output>
        </test-method> <!-- teardown -->
      </class> <!-- testCases.TC01_LoginTest -->
    </test> <!-- Test -->
  </suite> <!-- Master Suite -->
</testng-results>
