<?xml version="1.0" encoding="UTF-8"?>
<!-- Generated by org.testng.reporters.JUnitXMLReporter -->
<testsuite ignored="1" hostname="LAPTOP-FB173B5U" failures="0" tests="1" name="Test" time="33.022" errors="0" timestamp="2024-09-23T11:20:40 IST">
  <testcase classname="testCases.TC01_LoginTest" name="verify_login" time="22.965"/>
  <testcase classname="testCases.TC01_AccountRegistrationTest" name="verify_account_registration" time="0.0">
    <ignored/>
  </testcase> <!-- verify_account_registration -->
</testsuite> <!-- Test -->
